Using pre-set license
Built from '2020.3/staging' branch; Version is '2020.3.11f1 (99c7afb366b3) revision 10078127'; Using compiler version '192528614'; Build Type 'Release'
OS: 'Windows 10 Pro; OS build 17134.648; Version 1803; 64bit' Language: 'en' Physical Memory: 8139 MB
BatchMode: 1, IsHumanControllingUs: 0, StartBugReporterOnCrash: 0, Is64bit: 1, IsPro: 0

 COMMAND LINE ARGUMENTS:
C:\Program Files\Unity\Hub\Editor\2020.3.11f1\Editor\Unity.exe
-adb2
-batchMode
-noUpm
-name
AssetImportWorker0
-projectPath
D:/3D + game development/game development/Unity Projects/Sci-Fi Demo/Sci-Fi-Demo/Sci-Fi Demo
-logFile
Logs/AssetImportWorker0.log
-srvPort
63529
Successfully changed project path to: D:/3D + game development/game development/Unity Projects/Sci-Fi Demo/Sci-Fi-Demo/Sci-Fi Demo
D:/3D + game development/game development/Unity Projects/Sci-Fi Demo/Sci-Fi-Demo/Sci-Fi Demo
Using Asset Import Pipeline V2.
Refreshing native plugins compatible for Editor in 75.77 ms, found 2 plugins.
Preloading 0 native plugins for Editor in 0.00 ms.
Initialize engine version: 2020.3.11f1 (99c7afb366b3)
[Subsystems] Discovering subsystems at path C:/Program Files/Unity/Hub/Editor/2020.3.11f1/Editor/Data/Resources/UnitySubsystems
[Subsystems] Discovering subsystems at path D:/3D + game development/game development/Unity Projects/Sci-Fi Demo/Sci-Fi-Demo/Sci-Fi Demo/Assets
GfxDevice: creating device client; threaded=0
Direct3D:
    Version:  Direct3D 11.0 [level 10.1]
    Renderer: Intel(R) HD Graphics 3000 (ID=0x116)
    Vendor:   
    VRAM:     128 MB
    Driver:   9.17.10.4229
Initialize mono
Mono path[0] = 'C:/Program Files/Unity/Hub/Editor/2020.3.11f1/Editor/Data/Managed'
Mono path[1] = 'C:/Program Files/Unity/Hub/Editor/2020.3.11f1/Editor/Data/MonoBleedingEdge/lib/mono/unityjit'
Mono config path = 'C:/Program Files/Unity/Hub/Editor/2020.3.11f1/Editor/Data/MonoBleedingEdge/etc'
Using monoOptions --debugger-agent=transport=dt_socket,embedding=1,server=y,suspend=n,address=127.0.0.1:56924
Begin MonoManager ReloadAssembly
Registering precompiled unity dll's ...
Register platform support module: C:/Program Files/Unity/Hub/Editor/2020.3.11f1/Editor/Data/PlaybackEngines/WebGLSupport/UnityEditor.WebGL.Extensions.dll
Register platform support module: C:/Program Files/Unity/Hub/Editor/2020.3.11f1/Editor/Data/PlaybackEngines/WindowsStandaloneSupport/UnityEditor.WindowsStandalone.Extensions.dll
Registered in 0.012877 seconds.
Native extension for WindowsStandalone target not found
Native extension for WebGL target not found
Refreshing native plugins compatible for Editor in 72.49 ms, found 2 plugins.
Preloading 0 native plugins for Editor in 0.00 ms.
Mono: successfully reloaded assembly
- Completed reload, in  5.658 seconds
Platform modules already initialized, skipping
Registering precompiled user dll's ...
Registered in 0.005331 seconds.
Begin MonoManager ReloadAssembly
Native extension for WindowsStandalone target not found
Native extension for WebGL target not found
Refreshing native plugins compatible for Editor in 1.07 ms, found 2 plugins.
Preloading 0 native plugins for Editor in 0.00 ms.
Mono: successfully reloaded assembly
- Completed reload, in  5.187 seconds
Platform modules already initialized, skipping
========================================================================
Worker process is ready to serve import requests
Launched and connected shader compiler UnityShaderCompiler.exe after 0.09 seconds
Refreshing native plugins compatible for Editor in 0.95 ms, found 2 plugins.
Preloading 0 native plugins for Editor in 0.00 ms.
Unloading 1452 Unused Serialized files (Serialized files now loaded: 0)
System memory in use before: 69.8 MB.
System memory in use after: 69.9 MB.

Unloading 19 unused Assets to reduce memory usage. Loaded Objects now: 1891.
Total: 48.132466 ms (FindLiveObjects: 0.625166 ms CreateObjectMapping: 0.150825 ms MarkObjects: 47.155671 ms  DeleteObjects: 0.197233 ms)

========================================================================
Received Import Request.
  path: Assets/Scripts/CharacterMovement.cs
  artifactKey: Guid(774c8275e4c231a45a1ce3468d7e2b5c) Importer(815301076,1909f56bfc062723c751e8b465ee728b)
Start importing Assets/Scripts/CharacterMovement.cs using Guid(774c8275e4c231a45a1ce3468d7e2b5c) Importer(815301076,1909f56bfc062723c751e8b465ee728b)  -> (artifact id: '48ccc622123288f16c97eb4d02b008fa') in 0.278758 seconds
  Import took 0.330444 seconds .

========================================================================
Received Import Request.
  Time since last request: 232.539031 seconds.
  path: Assets/Scripts/CharacterMovement.cs
  artifactKey: Guid(774c8275e4c231a45a1ce3468d7e2b5c) Importer(815301076,1909f56bfc062723c751e8b465ee728b)
Start importing Assets/Scripts/CharacterMovement.cs using Guid(774c8275e4c231a45a1ce3468d7e2b5c) Importer(815301076,1909f56bfc062723c751e8b465ee728b)  -> (artifact id: '3c7487ad14a50e3b5146dffbbf669537') in 0.005568 seconds
  Import took 0.013739 seconds .

========================================================================
Received Prepare
Registering precompiled user dll's ...
Registered in 0.009489 seconds.
Begin MonoManager ReloadAssembly
Native extension for WindowsStandalone target not found
Native extension for WebGL target not found
Refreshing native plugins compatible for Editor in 1.15 ms, found 2 plugins.
Preloading 0 native plugins for Editor in 0.00 ms.
Mono: successfully reloaded assembly
- Completed reload, in  3.096 seconds
Platform modules already initialized, skipping
Refreshing native plugins compatible for Editor in 0.69 ms, found 2 plugins.
Preloading 0 native plugins for Editor in 0.00 ms.
Unloading 1442 Unused Serialized files (Serialized files now loaded: 0)
System memory in use before: 69.3 MB.
System memory in use after: 69.3 MB.

Unloading 14 unused Assets to reduce memory usage. Loaded Objects now: 1894.
Total: 3.605082 ms (FindLiveObjects: 0.248103 ms CreateObjectMapping: 0.083445 ms MarkObjects: 3.145020 ms  DeleteObjects: 0.124498 ms)

========================================================================
Received Prepare
Registering precompiled user dll's ...
Registered in 0.006243 seconds.
Begin MonoManager ReloadAssembly
Native extension for WindowsStandalone target not found
Native extension for WebGL target not found
Refreshing native plugins compatible for Editor in 0.81 ms, found 2 plugins.
Preloading 0 native plugins for Editor in 0.00 ms.
Mono: successfully reloaded assembly
- Completed reload, in  1.635 seconds
Platform modules already initialized, skipping
Refreshing native plugins compatible for Editor in 0.93 ms, found 2 plugins.
Preloading 0 native plugins for Editor in 0.00 ms.
Unloading 1442 Unused Serialized files (Serialized files now loaded: 0)
System memory in use before: 69.3 MB.
System memory in use after: 69.4 MB.

Unloading 14 unused Assets to reduce memory usage. Loaded Objects now: 1897.
Total: 4.668892 ms (FindLiveObjects: 0.236501 ms CreateObjectMapping: 0.086122 ms MarkObjects: 4.037032 ms  DeleteObjects: 0.304328 ms)

========================================================================
Received Import Request.
  Time since last request: 5975.350653 seconds.
  path: Assets/Game/Sprites/Coin.png
  artifactKey: Guid(84aba08d610b7454aa8376180908440d) Importer(815301076,1909f56bfc062723c751e8b465ee728b)
Start importing Assets/Game/Sprites/Coin.png using Guid(84aba08d610b7454aa8376180908440d) Importer(815301076,1909f56bfc062723c751e8b465ee728b)  -> (artifact id: '262cb2551ae494ea97e507f07eec0be4') in 0.450790 seconds
  Import took 0.494851 seconds .

========================================================================
Received Import Request.
  Time since last request: 0.000340 seconds.
  path: Assets/Game/Level_Dont_Touch/Environment_Model/Textures/Environment/Market/MarketCoffeeSignAlbedo.png
  artifactKey: Guid(ee1701bd3676de14c86a6f7cedc08177) Importer(815301076,1909f56bfc062723c751e8b465ee728b)
Start importing Assets/Game/Level_Dont_Touch/Environment_Model/Textures/Environment/Market/MarketCoffeeSignAlbedo.png using Guid(ee1701bd3676de14c86a6f7cedc08177) Importer(815301076,1909f56bfc062723c751e8b465ee728b)  -> (artifact id: 'f3571e2cc296f87f360d9302bd0f005e') in 0.078133 seconds
  Import took 0.118362 seconds .

========================================================================
Received Import Request.
  Time since last request: 0.000314 seconds.
  path: Assets/Game/Sprites/InventorySlotBG.png
  artifactKey: Guid(8ac5577483dfb584b81c546348ef2e87) Importer(815301076,1909f56bfc062723c751e8b465ee728b)
Start importing Assets/Game/Sprites/InventorySlotBG.png using Guid(8ac5577483dfb584b81c546348ef2e87) Importer(815301076,1909f56bfc062723c751e8b465ee728b)  -> (artifact id: '12c81e23e6462c478e50679ac2b291c3') in 0.112715 seconds
  Import took 0.136222 seconds .

========================================================================
Received Import Request.
  Time since last request: 0.000337 seconds.
  path: Assets/Game/Level_Dont_Touch/Environment_Model/Textures/Environment/Market/Fly.png
  artifactKey: Guid(4944c65a03c70b54a9c2b020aaaae283) Importer(815301076,1909f56bfc062723c751e8b465ee728b)
Start importing Assets/Game/Level_Dont_Touch/Environment_Model/Textures/Environment/Market/Fly.png using Guid(4944c65a03c70b54a9c2b020aaaae283) Importer(815301076,1909f56bfc062723c751e8b465ee728b)  -> (artifact id: 'f379105b9d06270060caf544d59a0ff7') in 0.107263 seconds
  Import took 0.113124 seconds .

========================================================================
Received Import Request.
  Time since last request: 0.000406 seconds.
  path: Assets/Game/Level_Dont_Touch/Environment_Model/Textures/Environment/Market/MarketFishSignNeon.png
  artifactKey: Guid(1f7e69f695c34aa4eb96e9309660d3bb) Importer(815301076,1909f56bfc062723c751e8b465ee728b)
Start importing Assets/Game/Level_Dont_Touch/Environment_Model/Textures/Environment/Market/MarketFishSignNeon.png using Guid(1f7e69f695c34aa4eb96e9309660d3bb) Importer(815301076,1909f56bfc062723c751e8b465ee728b)  -> (artifact id: 'c9a113ac028b86b68ac6a972e8274b96') in 0.075578 seconds
  Import took 0.100230 seconds .

========================================================================
Received Import Request.
  Time since last request: 0.000495 seconds.
  path: Assets/Game/Level_Dont_Touch/Environment_Model/Textures/Environment/Market/Fly.png
  artifactKey: Guid(4944c65a03c70b54a9c2b020aaaae283) Importer(815301076,1909f56bfc062723c751e8b465ee728b)
Start importing Assets/Game/Level_Dont_Touch/Environment_Model/Textures/Environment/Market/Fly.png using Guid(4944c65a03c70b54a9c2b020aaaae283) Importer(815301076,1909f56bfc062723c751e8b465ee728b)  -> (artifact id: 'f379105b9d06270060caf544d59a0ff7') in 0.077143 seconds
  Import took 0.083107 seconds .

========================================================================
Received Import Request.
  Time since last request: 0.000254 seconds.
  path: Assets/Game/Level_Dont_Touch/Environment_Model/Textures/Environment/Market/MarketFishSignNeon.png
  artifactKey: Guid(1f7e69f695c34aa4eb96e9309660d3bb) Importer(815301076,1909f56bfc062723c751e8b465ee728b)
Start importing Assets/Game/Level_Dont_Touch/Environment_Model/Textures/Environment/Market/MarketFishSignNeon.png using Guid(1f7e69f695c34aa4eb96e9309660d3bb) Importer(815301076,1909f56bfc062723c751e8b465ee728b)  -> (artifact id: 'c9a113ac028b86b68ac6a972e8274b96') in 0.052047 seconds
  Import took 0.057717 seconds .

========================================================================
Received Import Request.
  Time since last request: 17.201916 seconds.
  path: Assets/Game/Sprites/519-5191877_white-crosshair-png-gun-sight-transparent-png.png
  artifactKey: Guid(3d3aca9b13016a641b9aba7bb999eb5d) Importer(815301076,1909f56bfc062723c751e8b465ee728b)
Start importing Assets/Game/Sprites/519-5191877_white-crosshair-png-gun-sight-transparent-png.png using Guid(3d3aca9b13016a641b9aba7bb999eb5d) Importer(815301076,1909f56bfc062723c751e8b465ee728b)  -> (artifact id: 'f653cfa4419198725741a687fa754f83') in 0.032238 seconds
  Import took 0.061518 seconds .

========================================================================
Received Import Request.
  Time since last request: 0.026813 seconds.
  path: Assets/Game/Sprites/519-5191877_white-crosshair-png-gun-sight-transparent-png.png
  artifactKey: Guid(3d3aca9b13016a641b9aba7bb999eb5d) Importer(815301076,1909f56bfc062723c751e8b465ee728b)
Start importing Assets/Game/Sprites/519-5191877_white-crosshair-png-gun-sight-transparent-png.png using Guid(3d3aca9b13016a641b9aba7bb999eb5d) Importer(815301076,1909f56bfc062723c751e8b465ee728b)  -> (artifact id: 'f653cfa4419198725741a687fa754f83') in 0.016472 seconds
  Import took 0.021039 seconds .

========================================================================
Received Import Request.
  Time since last request: 4.530774 seconds.
  path: Assets/Game/Sprites/519-5191877_white-crosshair-png-gun-sight-transparent-png.png
  artifactKey: Guid(3d3aca9b13016a641b9aba7bb999eb5d) Importer(815301076,1909f56bfc062723c751e8b465ee728b)
Start importing Assets/Game/Sprites/519-5191877_white-crosshair-png-gun-sight-transparent-png.png using Guid(3d3aca9b13016a641b9aba7bb999eb5d) Importer(815301076,1909f56bfc062723c751e8b465ee728b)  -> (artifact id: 'dd59b48b449b1e984c7af5368552e0e2') in 0.031906 seconds
  Import took 0.036520 seconds .

========================================================================
Received Import Request.
  Time since last request: 0.010714 seconds.
  path: Assets/Game/Sprites/519-5191877_white-crosshair-png-gun-sight-transparent-png.png
  artifactKey: Guid(3d3aca9b13016a641b9aba7bb999eb5d) Importer(815301076,1909f56bfc062723c751e8b465ee728b)
Start importing Assets/Game/Sprites/519-5191877_white-crosshair-png-gun-sight-transparent-png.png using Guid(3d3aca9b13016a641b9aba7bb999eb5d) Importer(815301076,1909f56bfc062723c751e8b465ee728b)  -> (artifact id: 'dd59b48b449b1e984c7af5368552e0e2') in 0.040297 seconds
  Import took 0.046118 seconds .

========================================================================
Received Import Request.
  Time since last request: 58.360021 seconds.
  path: Assets/Game/Sprites/SeekPng.com_cross-hairs-png_2267863.png
  artifactKey: Guid(b5290c0f2db70a344a019588dd00a44b) Importer(815301076,1909f56bfc062723c751e8b465ee728b)
Start importing Assets/Game/Sprites/SeekPng.com_cross-hairs-png_2267863.png using Guid(b5290c0f2db70a344a019588dd00a44b) Importer(815301076,1909f56bfc062723c751e8b465ee728b)  -> (artifact id: 'c0a1d5eed3e551a1d6cd63c988b6af8d') in 0.034699 seconds
  Import took 0.069634 seconds .

========================================================================
Received Import Request.
  Time since last request: 0.017855 seconds.
  path: Assets/Game/Sprites/SeekPng.com_cross-hairs-png_2267863.png
  artifactKey: Guid(b5290c0f2db70a344a019588dd00a44b) Importer(815301076,1909f56bfc062723c751e8b465ee728b)
Start importing Assets/Game/Sprites/SeekPng.com_cross-hairs-png_2267863.png using Guid(b5290c0f2db70a344a019588dd00a44b) Importer(815301076,1909f56bfc062723c751e8b465ee728b)  -> (artifact id: 'c0a1d5eed3e551a1d6cd63c988b6af8d') in 0.020115 seconds
  Import took 0.025642 seconds .

========================================================================
Received Import Request.
  Time since last request: 10.130913 seconds.
  path: Assets/Game/Sprites/SeekPng.com_cross-hairs-png_2267863.png
  artifactKey: Guid(b5290c0f2db70a344a019588dd00a44b) Importer(815301076,1909f56bfc062723c751e8b465ee728b)
Start importing Assets/Game/Sprites/SeekPng.com_cross-hairs-png_2267863.png using Guid(b5290c0f2db70a344a019588dd00a44b) Importer(815301076,1909f56bfc062723c751e8b465ee728b)  -> (artifact id: 'f17049a41d11669ce43fd16bd91ecef0') in 0.033070 seconds
  Import took 0.050123 seconds .

========================================================================
Received Import Request.
  Time since last request: 34.733565 seconds.
  path: Assets/Game/Sprites/SeekPng.com_cross-hairs-png_2267863.png
  artifactKey: Guid(b5290c0f2db70a344a019588dd00a44b) Importer(815301076,1909f56bfc062723c751e8b465ee728b)
Start importing Assets/Game/Sprites/SeekPng.com_cross-hairs-png_2267863.png using Guid(b5290c0f2db70a344a019588dd00a44b) Importer(815301076,1909f56bfc062723c751e8b465ee728b)  -> (artifact id: '222d1ceba44ee97ee2bf35178b939b9b') in 0.022856 seconds
  Import took 0.038576 seconds .

========================================================================
Received Import Request.
  Time since last request: 6.332510 seconds.
  path: Assets/Game/Sprites/SeekPng.com_cross-hairs-png_2267863.png
  artifactKey: Guid(b5290c0f2db70a344a019588dd00a44b) Importer(815301076,1909f56bfc062723c751e8b465ee728b)
Start importing Assets/Game/Sprites/SeekPng.com_cross-hairs-png_2267863.png using Guid(b5290c0f2db70a344a019588dd00a44b) Importer(815301076,1909f56bfc062723c751e8b465ee728b)  -> (artifact id: 'bada73461f8e63026897f0f0d264aa16') in 0.022454 seconds
  Import took 0.027806 seconds .

========================================================================
Received Import Request.
  Time since last request: 64.326769 seconds.
  path: Assets/Game/Sprites/SeekPng.com_red-crosshair-png_1006845.png
  artifactKey: Guid(81680283d258a8446afa36643663bdc1) Importer(815301076,1909f56bfc062723c751e8b465ee728b)
Start importing Assets/Game/Sprites/SeekPng.com_red-crosshair-png_1006845.png using Guid(81680283d258a8446afa36643663bdc1) Importer(815301076,1909f56bfc062723c751e8b465ee728b)  -> (artifact id: '5723f61337abf06eb1b74cb497ad14e3') in 0.049995 seconds
  Import took 0.088157 seconds .

========================================================================
Received Import Request.
  Time since last request: 0.004749 seconds.
  path: Assets/Game/Sprites/SeekPng.com_red-crosshair-png_1006845.png
  artifactKey: Guid(81680283d258a8446afa36643663bdc1) Importer(815301076,1909f56bfc062723c751e8b465ee728b)
Start importing Assets/Game/Sprites/SeekPng.com_red-crosshair-png_1006845.png using Guid(81680283d258a8446afa36643663bdc1) Importer(815301076,1909f56bfc062723c751e8b465ee728b)  -> (artifact id: '5723f61337abf06eb1b74cb497ad14e3') in 0.037821 seconds
  Import took 0.043483 seconds .

========================================================================
Received Import Request.
  Time since last request: 5.083359 seconds.
  path: Assets/Game/Sprites/SeekPng.com_red-crosshair-png_1006845.png
  artifactKey: Guid(81680283d258a8446afa36643663bdc1) Importer(815301076,1909f56bfc062723c751e8b465ee728b)
Start importing Assets/Game/Sprites/SeekPng.com_red-crosshair-png_1006845.png using Guid(81680283d258a8446afa36643663bdc1) Importer(815301076,1909f56bfc062723c751e8b465ee728b)  -> (artifact id: '208b981f8c356d3bed346fd707a74b97') in 0.030920 seconds
  Import took 0.036412 seconds .

========================================================================
Received Import Request.
  Time since last request: 27.592841 seconds.
  path: Assets/Game/Sprites/SeekPng.com_red-crosshair-png_1006845.png
  artifactKey: Guid(81680283d258a8446afa36643663bdc1) Importer(815301076,1909f56bfc062723c751e8b465ee728b)
Start importing Assets/Game/Sprites/SeekPng.com_red-crosshair-png_1006845.png using Guid(81680283d258a8446afa36643663bdc1) Importer(815301076,1909f56bfc062723c751e8b465ee728b)  -> (artifact id: 'ca2721608f55ce892007fb2b050cf579') in 0.022811 seconds
  Import took 0.026977 seconds .

========================================================================
Received Import Request.
  Time since last request: 255.546834 seconds.
  path: Assets/Game/Sprites/NicePng_scope-png_712946.png
  artifactKey: Guid(10709387a7d93fd4698d107ef66e326f) Importer(815301076,1909f56bfc062723c751e8b465ee728b)
Start importing Assets/Game/Sprites/NicePng_scope-png_712946.png using Guid(10709387a7d93fd4698d107ef66e326f) Importer(815301076,1909f56bfc062723c751e8b465ee728b)  -> (artifact id: 'd4d45115f68809dddb8293daf994ab1b') in 0.039953 seconds
  Import took 0.072866 seconds .

========================================================================
Received Import Request.
  Time since last request: 4.747690 seconds.
  path: Assets/Game/Sprites/NicePng_scope-png_712946.png
  artifactKey: Guid(10709387a7d93fd4698d107ef66e326f) Importer(815301076,1909f56bfc062723c751e8b465ee728b)
Start importing Assets/Game/Sprites/NicePng_scope-png_712946.png using Guid(10709387a7d93fd4698d107ef66e326f) Importer(815301076,1909f56bfc062723c751e8b465ee728b)  -> (artifact id: 'e3fb458742bf977f067025a5940d1a6b') in 0.041856 seconds
  Import took 0.055989 seconds .

========================================================================
Received Prepare
Registering precompiled user dll's ...
Registered in 0.006459 seconds.
Begin MonoManager ReloadAssembly
Native extension for WindowsStandalone target not found
Native extension for WebGL target not found
Refreshing native plugins compatible for Editor in 0.69 ms, found 2 plugins.
Preloading 0 native plugins for Editor in 0.00 ms.
Mono: successfully reloaded assembly
- Completed reload, in  2.236 seconds
Platform modules already initialized, skipping
Refreshing native plugins compatible for Editor in 0.82 ms, found 2 plugins.
Preloading 0 native plugins for Editor in 0.00 ms.
Unloading 1442 Unused Serialized files (Serialized files now loaded: 0)
System memory in use before: 72.4 MB.
System memory in use after: 72.5 MB.

Unloading 14 unused Assets to reduce memory usage. Loaded Objects now: 1911.
Total: 3.363226 ms (FindLiveObjects: 0.214636 ms CreateObjectMapping: 0.086568 ms MarkObjects: 2.956712 ms  DeleteObjects: 0.103079 ms)

========================================================================
Received Prepare
Registering precompiled user dll's ...
Registered in 0.004499 seconds.
Begin MonoManager ReloadAssembly
Native extension for WindowsStandalone target not found
Native extension for WebGL target not found
Refreshing native plugins compatible for Editor in 0.62 ms, found 2 plugins.
Preloading 0 native plugins for Editor in 0.00 ms.
Mono: successfully reloaded assembly
- Completed reload, in  1.663 seconds
Platform modules already initialized, skipping
Refreshing native plugins compatible for Editor in 0.63 ms, found 2 plugins.
Preloading 0 native plugins for Editor in 0.00 ms.
Unloading 1442 Unused Serialized files (Serialized files now loaded: 0)
System memory in use before: 72.4 MB.
System memory in use after: 72.5 MB.

Unloading 14 unused Assets to reduce memory usage. Loaded Objects now: 1914.
Total: 3.525207 ms (FindLiveObjects: 0.273538 ms CreateObjectMapping: 0.117804 ms MarkObjects: 3.040157 ms  DeleteObjects: 0.090584 ms)

========================================================================
Received Prepare
Registering precompiled user dll's ...
Registered in 0.007436 seconds.
Begin MonoManager ReloadAssembly
Native extension for WindowsStandalone target not found
Native extension for WebGL target not found
Refreshing native plugins compatible for Editor in 0.68 ms, found 2 plugins.
Preloading 0 native plugins for Editor in 0.00 ms.
Mono: successfully reloaded assembly
- Completed reload, in  2.236 seconds
Platform modules already initialized, skipping
Refreshing native plugins compatible for Editor in 0.71 ms, found 2 plugins.
Preloading 0 native plugins for Editor in 0.00 ms.
Unloading 1442 Unused Serialized files (Serialized files now loaded: 0)
System memory in use before: 72.4 MB.
System memory in use after: 72.5 MB.

Unloading 14 unused Assets to reduce memory usage. Loaded Objects now: 1917.
Total: 3.167778 ms (FindLiveObjects: 0.198572 ms CreateObjectMapping: 0.072735 ms MarkObjects: 2.760371 ms  DeleteObjects: 0.132976 ms)

========================================================================
Received Prepare
Registering precompiled user dll's ...
Registered in 0.008939 seconds.
Begin MonoManager ReloadAssembly
Native extension for WindowsStandalone target not found
Native extension for WebGL target not found
Refreshing native plugins compatible for Editor in 0.71 ms, found 2 plugins.
Preloading 0 native plugins for Editor in 0.00 ms.
Mono: successfully reloaded assembly
- Completed reload, in  1.905 seconds
Platform modules already initialized, skipping
Refreshing native plugins compatible for Editor in 0.73 ms, found 2 plugins.
Preloading 0 native plugins for Editor in 0.00 ms.
Unloading 1442 Unused Serialized files (Serialized files now loaded: 0)
System memory in use before: 72.4 MB.
System memory in use after: 72.5 MB.

Unloading 14 unused Assets to reduce memory usage. Loaded Objects now: 1920.
Total: 3.117354 ms (FindLiveObjects: 0.222222 ms CreateObjectMapping: 0.084783 ms MarkObjects: 2.705931 ms  DeleteObjects: 0.102186 ms)

========================================================================
Received Prepare
Registering precompiled user dll's ...
Registered in 0.006728 seconds.
Begin MonoManager ReloadAssembly
Native extension for WindowsStandalone target not found
Native extension for WebGL target not found
Refreshing native plugins compatible for Editor in 0.63 ms, found 2 plugins.
Preloading 0 native plugins for Editor in 0.00 ms.
Mono: successfully reloaded assembly
- Completed reload, in  2.001 seconds
Platform modules already initialized, skipping
Refreshing native plugins compatible for Editor in 0.88 ms, found 2 plugins.
Preloading 0 native plugins for Editor in 0.00 ms.
Unloading 1442 Unused Serialized files (Serialized files now loaded: 0)
System memory in use before: 72.4 MB.
System memory in use after: 72.5 MB.

Unloading 14 unused Assets to reduce memory usage. Loaded Objects now: 1923.
Total: 2.852294 ms (FindLiveObjects: 0.199464 ms CreateObjectMapping: 0.079429 ms MarkObjects: 2.480139 ms  DeleteObjects: 0.091477 ms)

========================================================================
Received Prepare
Registering precompiled user dll's ...
Registered in 0.005713 seconds.
Begin MonoManager ReloadAssembly
Native extension for WindowsStandalone target not found
Native extension for WebGL target not found
Refreshing native plugins compatible for Editor in 1.05 ms, found 2 plugins.
Preloading 0 native plugins for Editor in 0.00 ms.
Mono: successfully reloaded assembly
- Completed reload, in  2.198 seconds
Platform modules already initialized, skipping
Refreshing native plugins compatible for Editor in 0.71 ms, found 2 plugins.
Preloading 0 native plugins for Editor in 0.00 ms.
Unloading 1442 Unused Serialized files (Serialized files now loaded: 0)
System memory in use before: 72.4 MB.
System memory in use after: 72.5 MB.

Unloading 14 unused Assets to reduce memory usage. Loaded Objects now: 1926.
Total: 3.222218 ms (FindLiveObjects: 0.214190 ms CreateObjectMapping: 0.082552 ms MarkObjects: 2.828198 ms  DeleteObjects: 0.093708 ms)

========================================================================
Received Prepare
Registering precompiled user dll's ...
Registered in 0.005212 seconds.
Begin MonoManager ReloadAssembly
Native extension for WindowsStandalone target not found
Native extension for WebGL target not found
Refreshing native plugins compatible for Editor in 1.01 ms, found 2 plugins.
Preloading 0 native plugins for Editor in 0.00 ms.
Mono: successfully reloaded assembly
- Completed reload, in  2.976 seconds
Platform modules already initialized, skipping
Refreshing native plugins compatible for Editor in 1.06 ms, found 2 plugins.
Preloading 0 native plugins for Editor in 0.00 ms.
Unloading 1442 Unused Serialized files (Serialized files now loaded: 0)
System memory in use before: 72.4 MB.
System memory in use after: 72.5 MB.

Unloading 14 unused Assets to reduce memory usage. Loaded Objects now: 1929.
Total: 4.946000 ms (FindLiveObjects: 0.347612 ms CreateObjectMapping: 0.107095 ms MarkObjects: 4.371257 ms  DeleteObjects: 0.117358 ms)

========================================================================
Received Prepare
Registering precompiled user dll's ...
Registered in 0.004890 seconds.
Begin MonoManager ReloadAssembly
Native extension for WindowsStandalone target not found
Native extension for WebGL target not found
Refreshing native plugins compatible for Editor in 0.69 ms, found 2 plugins.
Preloading 0 native plugins for Editor in 0.00 ms.
Mono: successfully reloaded assembly
- Completed reload, in  2.036 seconds
Platform modules already initialized, skipping
Refreshing native plugins compatible for Editor in 1.00 ms, found 2 plugins.
Preloading 0 native plugins for Editor in 0.00 ms.
Unloading 1442 Unused Serialized files (Serialized files now loaded: 0)
System memory in use before: 72.4 MB.
System memory in use after: 72.5 MB.

Unloading 14 unused Assets to reduce memory usage. Loaded Objects now: 1932.
Total: 5.082992 ms (FindLiveObjects: 0.383757 ms CreateObjectMapping: 0.112003 ms MarkObjects: 4.459164 ms  DeleteObjects: 0.125837 ms)

